info:  Game: QQExternal.exe
info:  DXVK: v1.7
info:  Built-in extension providers:
info:    Win32 WSI
info:    OpenVR
warn:  OpenVR: Failed to locate module
info:  Enabled instance extensions:
info:    VK_KHR_surface
info:    VK_KHR_win32_surface
info:  AMD RADV RENOIR:
info:    Driver: 22.1.1
info:    Vulkan: 1.3.211
info:    Memory Heap[0]: 
info:      Size: 4194474 MiB
info:      Flags: 0x0
info:      Memory Type[1]: Property Flags = 0x6
info:      Memory Type[3]: Property Flags = 0xe
info:      Memory Type[5]: Property Flags = 0xc6
info:      Memory Type[7]: Property Flags = 0xce
info:    Memory Heap[1]: 
info:      Size: 8388949 MiB
info:      Flags: 0x1
info:      Memory Type[0]: Property Flags = 0x1
info:      Memory Type[2]: Property Flags = 0x7
info:      Memory Type[4]: Property Flags = 0xc1
info:      Memory Type[6]: Property Flags = 0xc7
